This is pdfTeX, Version 3.1415926-2.4-1.40.13 (TeX Live 2012/Debian) (format=pdflatex 2013.7.3)  16 SEP 2013 19:17
entering extended mode
 restricted \write18 enabled.
 Source specials enabled.
 %&-line parsing enabled.
**document.tex
(./document.tex
LaTeX2e <2011/06/27>
Babel <v3.8m> and hyphenation patterns for english, dumylang, nohyphenation, lo
aded.
(/home/jaycee/texmf/tex/latex/stellenbosch/usthesis.cls
Document Class: usthesis 2012/02/22 v4.3 Stellenbosh Thesis class (DNJ ELS)
(/usr/share/texlive/texmf-dist/tex/latex/tools/calc.sty
Package: calc 2007/08/22 v4.3 Infix arithmetic (KKT,FJ)
\calc@Acount=\count79
\calc@Bcount=\count80
\calc@Adimen=\dimen102
\calc@Bdimen=\dimen103
\calc@Askip=\skip41
\calc@Bskip=\skip42
LaTeX Info: Redefining \setlength on input line 76.
LaTeX Info: Redefining \addtolength on input line 77.
\calc@Ccount=\count81
\calc@Cskip=\skip43
)
(/usr/share/texlive/texmf-dist/tex/generic/oberdiek/ifpdf.sty
Package: ifpdf 2011/01/30 v2.3 Provides the ifpdf switch (HO)
Package ifpdf Info: pdfTeX in PDF mode is detected.
)
Class usthesis Info: Input file 'usthesis.afr' loaded on input line 89.

(/home/jaycee/texmf/tex/latex/stellenbosch/usthesis.afr
File: usthesis.afr 2008/05/29 v1.0 USthesis Afr defs (DNJ Els)
)
Class usthesis Info: Input file 'usthesis.eng' loaded on input line 92.

(/home/jaycee/texmf/tex/latex/stellenbosch/usthesis.eng
File: usthesis.eng 2009/02/17 v1.1 USthesis Eng defs (DNJ Els)
)
(/usr/share/texlive/texmf-dist/tex/latex/base/book.cls
Document Class: book 2007/10/19 v1.4h Standard LaTeX document class
(/usr/share/texlive/texmf-dist/tex/latex/base/bk12.clo
File: bk12.clo 2007/10/19 v1.4h Standard LaTeX file (size option)
)
\c@part=\count82
\c@chapter=\count83
\c@section=\count84
\c@subsection=\count85
\c@subsubsection=\count86
\c@paragraph=\count87
\c@subparagraph=\count88
\c@figure=\count89
\c@table=\count90
\abovecaptionskip=\skip44
\belowcaptionskip=\skip45
\bibindent=\dimen104
)
\US@tdima=\skip46
\US@tdimb=\skip47
\US@tboxa=\box26
\c@US@tcnta=\count91
\c@US@tcntb=\count92
\US@month=\count93
\US@year=\count94
)
(/usr/share/texlive/texmf-dist/tex/latex/base/inputenc.sty
Package: inputenc 2008/03/30 v1.1d Input encoding file
\inpenc@prehook=\toks14
\inpenc@posthook=\toks15

(/usr/share/texlive/texmf-dist/tex/latex/base/latin1.def
File: latin1.def 2008/03/30 v1.1d Input encoding file
))
(/usr/share/texlive/texmf-dist/tex/generic/babel/babel.sty
Package: babel 2008/07/08 v3.8m The Babel package

(/usr/share/texlive/texmf-dist/tex/generic/babel/dutch.ldf
Language: dutch 2005/03/30 v3.8i Dutch support from the babel system

(/usr/share/texlive/texmf-dist/tex/generic/babel/babel.def
File: babel.def 2008/07/08 v3.8m Babel common definitions
\babel@savecnt=\count95
\U@D=\dimen105
)

Package babel Warning: No hyphenation patterns were loaded for
(babel)                the language `Afrikaans'
(babel)                I will use the patterns loaded for \language=0 instead.

\l@afrikaans = a dialect from \language0
Package babel Info: Making " an active character on input line 132.
) (/usr/share/texlive/texmf-dist/tex/generic/babel/english.ldf
Language: english 2005/03/30 v3.3o English support from the babel system
\l@british = a dialect from \language\l@english 
\l@UKenglish = a dialect from \language\l@english 
\l@canadian = a dialect from \language\l@american 
\l@australian = a dialect from \language\l@british 
\l@newzealand = a dialect from \language\l@british 
))
(/usr/share/texlive/texmf-dist/tex/latex/base/fontenc.sty
Package: fontenc 2005/09/27 v1.99g Standard LaTeX package

(/usr/share/texlive/texmf-dist/tex/latex/base/t1enc.def
File: t1enc.def 2005/09/27 v1.99g Standard LaTeX file
LaTeX Font Info:    Redeclaring font encoding T1 on input line 43.
))
(/usr/share/texlive/texmf-dist/tex/latex/base/textcomp.sty
Package: textcomp 2005/09/27 v1.99g Standard LaTeX package
Package textcomp Info: Sub-encoding information:
(textcomp)               5 = only ISO-Adobe without \textcurrency
(textcomp)               4 = 5 + \texteuro
(textcomp)               3 = 4 + \textohm
(textcomp)               2 = 3 + \textestimated + \textcurrency
(textcomp)               1 = TS1 - \textcircled - \t
(textcomp)               0 = TS1 (full)
(textcomp)             Font families with sub-encoding setting implement
(textcomp)             only a restricted character set as indicated.
(textcomp)             Family '?' is the default used for unknown fonts.
(textcomp)             See the documentation for details.
Package textcomp Info: Setting ? sub-encoding to TS1/1 on input line 71.

(/usr/share/texlive/texmf-dist/tex/latex/base/ts1enc.def
File: ts1enc.def 2001/06/05 v3.0e (jk/car/fm) Standard LaTeX file
)
LaTeX Info: Redefining \oldstylenums on input line 266.
Package textcomp Info: Setting cmr sub-encoding to TS1/0 on input line 281.
Package textcomp Info: Setting cmss sub-encoding to TS1/0 on input line 282.
Package textcomp Info: Setting cmtt sub-encoding to TS1/0 on input line 283.
Package textcomp Info: Setting cmvtt sub-encoding to TS1/0 on input line 284.
Package textcomp Info: Setting cmbr sub-encoding to TS1/0 on input line 285.
Package textcomp Info: Setting cmtl sub-encoding to TS1/0 on input line 286.
Package textcomp Info: Setting ccr sub-encoding to TS1/0 on input line 287.
Package textcomp Info: Setting ptm sub-encoding to TS1/4 on input line 288.
Package textcomp Info: Setting pcr sub-encoding to TS1/4 on input line 289.
Package textcomp Info: Setting phv sub-encoding to TS1/4 on input line 290.
Package textcomp Info: Setting ppl sub-encoding to TS1/3 on input line 291.
Package textcomp Info: Setting pag sub-encoding to TS1/4 on input line 292.
Package textcomp Info: Setting pbk sub-encoding to TS1/4 on input line 293.
Package textcomp Info: Setting pnc sub-encoding to TS1/4 on input line 294.
Package textcomp Info: Setting pzc sub-encoding to TS1/4 on input line 295.
Package textcomp Info: Setting bch sub-encoding to TS1/4 on input line 296.
Package textcomp Info: Setting put sub-encoding to TS1/5 on input line 297.
Package textcomp Info: Setting uag sub-encoding to TS1/5 on input line 298.
Package textcomp Info: Setting ugq sub-encoding to TS1/5 on input line 299.
Package textcomp Info: Setting ul8 sub-encoding to TS1/4 on input line 300.
Package textcomp Info: Setting ul9 sub-encoding to TS1/4 on input line 301.
Package textcomp Info: Setting augie sub-encoding to TS1/5 on input line 302.
Package textcomp Info: Setting dayrom sub-encoding to TS1/3 on input line 303.
Package textcomp Info: Setting dayroms sub-encoding to TS1/3 on input line 304.

Package textcomp Info: Setting pxr sub-encoding to TS1/0 on input line 305.
Package textcomp Info: Setting pxss sub-encoding to TS1/0 on input line 306.
Package textcomp Info: Setting pxtt sub-encoding to TS1/0 on input line 307.
Package textcomp Info: Setting txr sub-encoding to TS1/0 on input line 308.
Package textcomp Info: Setting txss sub-encoding to TS1/0 on input line 309.
Package textcomp Info: Setting txtt sub-encoding to TS1/0 on input line 310.
Package textcomp Info: Setting lmr sub-encoding to TS1/0 on input line 311.
Package textcomp Info: Setting lmdh sub-encoding to TS1/0 on input line 312.
Package textcomp Info: Setting lmss sub-encoding to TS1/0 on input line 313.
Package textcomp Info: Setting lmssq sub-encoding to TS1/0 on input line 314.
Package textcomp Info: Setting lmvtt sub-encoding to TS1/0 on input line 315.
Package textcomp Info: Setting qhv sub-encoding to TS1/0 on input line 316.
Package textcomp Info: Setting qag sub-encoding to TS1/0 on input line 317.
Package textcomp Info: Setting qbk sub-encoding to TS1/0 on input line 318.
Package textcomp Info: Setting qcr sub-encoding to TS1/0 on input line 319.
Package textcomp Info: Setting qcs sub-encoding to TS1/0 on input line 320.
Package textcomp Info: Setting qpl sub-encoding to TS1/0 on input line 321.
Package textcomp Info: Setting qtm sub-encoding to TS1/0 on input line 322.
Package textcomp Info: Setting qzc sub-encoding to TS1/0 on input line 323.
Package textcomp Info: Setting qhvc sub-encoding to TS1/0 on input line 324.
Package textcomp Info: Setting futs sub-encoding to TS1/4 on input line 325.
Package textcomp Info: Setting futx sub-encoding to TS1/4 on input line 326.
Package textcomp Info: Setting futj sub-encoding to TS1/4 on input line 327.
Package textcomp Info: Setting hlh sub-encoding to TS1/3 on input line 328.
Package textcomp Info: Setting hls sub-encoding to TS1/3 on input line 329.
Package textcomp Info: Setting hlst sub-encoding to TS1/3 on input line 330.
Package textcomp Info: Setting hlct sub-encoding to TS1/5 on input line 331.
Package textcomp Info: Setting hlx sub-encoding to TS1/5 on input line 332.
Package textcomp Info: Setting hlce sub-encoding to TS1/5 on input line 333.
Package textcomp Info: Setting hlcn sub-encoding to TS1/5 on input line 334.
Package textcomp Info: Setting hlcw sub-encoding to TS1/5 on input line 335.
Package textcomp Info: Setting hlcf sub-encoding to TS1/5 on input line 336.
Package textcomp Info: Setting pplx sub-encoding to TS1/3 on input line 337.
Package textcomp Info: Setting pplj sub-encoding to TS1/3 on input line 338.
Package textcomp Info: Setting ptmx sub-encoding to TS1/4 on input line 339.
Package textcomp Info: Setting ptmj sub-encoding to TS1/4 on input line 340.
)
(/usr/share/texlive/texmf-dist/tex/latex/tools/bm.sty
Package: bm 2004/02/26 v1.1c Bold Symbol Support (DPC/FMi)
\symboldoperators=\mathgroup4
\symboldletters=\mathgroup5
\symboldsymbols=\mathgroup6
LaTeX Font Info:    Redeclaring math alphabet \mathbf on input line 138.
LaTeX Info: Redefining \bm on input line 204.
)
(/home/jaycee/texmf/tex/latex/stellenbosch/usnomencl.sty
Package: usnomencl 2008/05/30 v1.1 Stellenbosh Thesis Nomenclature (DNJ ELS)
\USN@tdima=\skip48
\USN@NomGrpSep=\skip49
\NomGrpSep=\skip50
\NomItmSep=\skip51
\NomItmMrg=\skip52
\NomLblSep=\skip53
\UnitLabelWdth=\skip54
)
(/home/jaycee/texmf/tex/latex/stellenbosch/usbib.sty
Package: usbib 2009/03/07 1.0 (DNJ Els)

(/usr/share/texlive/texmf-dist/tex/latex/natbib/natbib.sty
Package: natbib 2010/09/13 8.31b (PWD, AO)
\bibhang=\skip55
\bibsep=\skip56
LaTeX Info: Redefining \cite on input line 694.
\c@NAT@ctr=\count96
))
(/usr/share/texlive/texmf-dist/tex/latex/graphics/graphicx.sty
Package: graphicx 1999/02/16 v1.0f Enhanced LaTeX Graphics (DPC,SPQR)

(/usr/share/texlive/texmf-dist/tex/latex/graphics/keyval.sty
Package: keyval 1999/03/16 v1.13 key=value parser (DPC)
\KV@toks@=\toks16
)
(/usr/share/texlive/texmf-dist/tex/latex/graphics/graphics.sty
Package: graphics 2009/02/05 v1.0o Standard LaTeX Graphics (DPC,SPQR)

(/usr/share/texlive/texmf-dist/tex/latex/graphics/trig.sty
Package: trig 1999/03/16 v1.09 sin cos tan (DPC)
)
(/usr/share/texlive/texmf-dist/tex/latex/latexconfig/graphics.cfg
File: graphics.cfg 2010/04/23 v1.9 graphics configuration of TeX Live
)
Package graphics Info: Driver file: pdftex.def on input line 91.

(/usr/share/texlive/texmf-dist/tex/latex/pdftex-def/pdftex.def
File: pdftex.def 2011/05/27 v0.06d Graphics/color for pdfTeX

(/usr/share/texlive/texmf-dist/tex/generic/oberdiek/infwarerr.sty
Package: infwarerr 2010/04/08 v1.3 Providing info/warning/error messages (HO)
)
(/usr/share/texlive/texmf-dist/tex/generic/oberdiek/ltxcmds.sty
Package: ltxcmds 2011/11/09 v1.22 LaTeX kernel commands for general use (HO)
)
\Gread@gobject=\count97
))
\Gin@req@height=\dimen106
\Gin@req@width=\dimen107
)
(/usr/share/texlive/texmf-dist/tex/latex/graphics/color.sty
Package: color 2005/11/14 v1.0j Standard LaTeX Color (DPC)

(/usr/share/texlive/texmf-dist/tex/latex/latexconfig/color.cfg
File: color.cfg 2007/01/18 v1.5 color configuration of teTeX/TeXLive
)
Package color Info: Driver file: pdftex.def on input line 130.
)
(/home/jaycee/texmf/tex/latex/stellenbosch/ussummary.sty
Package: ussummary 2006/03/08 v1.0a Stellenbosh Mech Eng Summary page (DNJ ELS)


(/usr/share/texlive/texmf-dist/tex/latex/tools/array.sty
Package: array 2008/09/09 v2.4c Tabular extension package (FMi)
\col@sep=\dimen108
\extrarowheight=\dimen109
\NC@list=\toks17
\extratabsurround=\skip57
\backup@length=\skip58
)
(/usr/share/texlive/texmf-dist/tex/latex/tools/longtable.sty
Package: longtable 2004/02/01 v4.11 Multi-page Table package (DPC)
\LTleft=\skip59
\LTright=\skip60
\LTpre=\skip61
\LTpost=\skip62
\LTchunksize=\count98
\LTcapwidth=\dimen110
\LT@head=\box27
\LT@firsthead=\box28
\LT@foot=\box29
\LT@lastfoot=\box30
\LT@cols=\count99
\LT@rows=\count100
\c@LT@tables=\count101
\c@LT@chunks=\count102
\LT@p@ftn=\toks18
)
(/usr/share/texlive/texmf-dist/tex/latex/colortbl/colortbl.sty
Package: colortbl 2012/02/13 v1.0a Color table columns (DPC)
\everycr=\toks19
\minrowclearance=\skip63
)
\USS@tdima=\skip64
\USS@tdimb=\skip65
)
(/usr/share/texlive/texmf-dist/tex/latex/oberdiek/epstopdf.sty
Package: epstopdf 2010/02/09 v2.5 Conversion with epstopdf on the fly (HO)

(/usr/share/texlive/texmf-dist/tex/latex/oberdiek/epstopdf-base.sty
Package: epstopdf-base 2010/02/09 v2.5 Base part for package epstopdf

(/usr/share/texlive/texmf-dist/tex/latex/oberdiek/grfext.sty
Package: grfext 2010/08/19 v1.1 Manage graphics extensions (HO)

(/usr/share/texlive/texmf-dist/tex/generic/oberdiek/kvdefinekeys.sty
Package: kvdefinekeys 2011/04/07 v1.3 Define keys (HO)
))
(/usr/share/texlive/texmf-dist/tex/latex/oberdiek/kvoptions.sty
Package: kvoptions 2011/06/30 v3.11 Key value format for package options (HO)

(/usr/share/texlive/texmf-dist/tex/generic/oberdiek/kvsetkeys.sty
Package: kvsetkeys 2012/04/25 v1.16 Key value parser (HO)

(/usr/share/texlive/texmf-dist/tex/generic/oberdiek/etexcmds.sty
Package: etexcmds 2011/02/16 v1.5 Avoid name clashes with e-TeX commands (HO)

(/usr/share/texlive/texmf-dist/tex/generic/oberdiek/ifluatex.sty
Package: ifluatex 2010/03/01 v1.3 Provides the ifluatex switch (HO)
Package ifluatex Info: LuaTeX not detected.
)
Package etexcmds Info: Could not find \expanded.
(etexcmds)             That can mean that you are not using pdfTeX 1.50 or
(etexcmds)             that some package has redefined \expanded.
(etexcmds)             In the latter case, load this package earlier.
)))
(/usr/share/texlive/texmf-dist/tex/generic/oberdiek/pdftexcmds.sty
Package: pdftexcmds 2011/11/29 v0.20 Utility functions of pdfTeX for LuaTeX (HO
)
Package pdftexcmds Info: LuaTeX not detected.
Package pdftexcmds Info: \pdf@primitive is available.
Package pdftexcmds Info: \pdf@ifprimitive is available.
Package pdftexcmds Info: \pdfdraftmode found.
)
Package grfext Info: Graphics extension search list:
(grfext)             [.png,.pdf,.jpg,.mps,.jpeg,.jbig2,.jb2,.PNG,.PDF,.JPG,.JPE
G,.JBIG2,.JB2,.eps]
(grfext)             \AppendGraphicsExtensions on input line 452.

(/usr/share/texlive/texmf-dist/tex/latex/latexconfig/epstopdf-sys.cfg
File: epstopdf-sys.cfg 2010/07/13 v1.3 Configuration of (r)epstopdf for TeX Liv
e
)))
(./document.aux (./declaration.aux) (./summary.aux) (./abstract.aux)
(./nomenclature.aux) (./chapter1.aux) (./chapter2.aux) (./chapter3.aux)
(./chapter4.aux) (./chapter5.aux) (./chapter6.aux))
\openout1 = `document.aux'.

LaTeX Font Info:    Checking defaults for OML/cmm/m/it on input line 70.
LaTeX Font Info:    ... okay on input line 70.
LaTeX Font Info:    Checking defaults for T1/cmr/m/n on input line 70.
LaTeX Font Info:    ... okay on input line 70.
LaTeX Font Info:    Checking defaults for OT1/cmr/m/n on input line 70.
LaTeX Font Info:    ... okay on input line 70.
LaTeX Font Info:    Checking defaults for OMS/cmsy/m/n on input line 70.
LaTeX Font Info:    ... okay on input line 70.
LaTeX Font Info:    Checking defaults for OMX/cmex/m/n on input line 70.
LaTeX Font Info:    ... okay on input line 70.
LaTeX Font Info:    Checking defaults for U/cmr/m/n on input line 70.
LaTeX Font Info:    ... okay on input line 70.
LaTeX Font Info:    Checking defaults for TS1/cmr/m/n on input line 70.
LaTeX Font Info:    Try loading font information for TS1+cmr on input line 70.

(/usr/share/texlive/texmf-dist/tex/latex/base/ts1cmr.fd
File: ts1cmr.fd 1999/05/25 v2.5h Standard LaTeX font definitions
)
LaTeX Font Info:    ... okay on input line 70.

(/usr/share/texlive/texmf-dist/tex/context/base/supp-pdf.mkii
[Loading MPS to PDF converter (version 2006.09.02).]
\scratchcounter=\count103
\scratchdimen=\dimen111
\scratchbox=\box31
\nofMPsegments=\count104
\nofMParguments=\count105
\everyMPshowfont=\toks20
\MPscratchCnt=\count106
\MPscratchDim=\dimen112
\MPnumerator=\count107
\makeMPintoPDFobject=\count108
\everyMPtoPDFconversion=\toks21
) <USlogo-top.pdf, id=1, 560.0925pt x 183.68625pt>
File: USlogo-top.pdf Graphic file (type pdf)
 <use USlogo-top.pdf>
Package pdftex.def Info: USlogo-top.pdf used on input line 74.
(pdftex.def)             Requested size: 284.52756pt x 93.31717pt.
LaTeX Font Info:    External font `cmex10' loaded for size
(Font)              <17.28> on input line 74.
LaTeX Font Info:    External font `cmex10' loaded for size
(Font)              <12> on input line 74.
LaTeX Font Info:    External font `cmex10' loaded for size
(Font)              <8> on input line 74.
LaTeX Font Info:    External font `cmex10' loaded for size
(Font)              <6> on input line 74.

[1



{/var/lib/texmf/fonts/map/pdftex/updmap/pdftex.map} </home/jaycee/texmf/tex/lat
ex/stellenbosch/USlogo-top.pdf>]
\openout2 = `declaration.aux'.

 (./declaration.tex
Underfull \hbox (badness 10000) in paragraph at lines 6--11

 []

) [1


]
\openout2 = `summary.aux'.

 (./summary.tex
LaTeX Font Info:    Try loading font information for T1+cmss on input line 3.
 (/usr/share/texlive/texmf-dist/tex/latex/base/t1cmss.fd
File: t1cmss.fd 1999/05/25 v2.5h Standard LaTeX font definitions
)
Overfull \hbox (17.67503pt too wide) in alignment at lines 12--59
 [] 
 []


Underfull \vbox (badness 10000) detected at line 59
 []

) [2



]
\openout2 = `abstract.aux'.

 (./abstract.tex) [3



] (./document.toc [4


])
\tf@toc=\write3
\openout3 = `document.toc'.

 [5] (./document.lof)
\tf@lof=\write4
\openout4 = `document.lof'.

 [6

]
(./document.lot)
\tf@lot=\write5
\openout5 = `document.lot'.

 [7

]
\openout2 = `nomenclature.aux'.

 (./nomenclature.tex
Underfull \hbox (badness 10000) in paragraph at lines 11--12

 []

) [8


]
\openout2 = `chapter1.aux'.

 (./chapter1.tex
Chapter 1.
) [1




]
\openout2 = `chapter2.aux'.

 (./chapter2.tex
Chapter 2.

Package natbib Warning: Citation `website:denso-qrcode' on page 2 undefined on 
input line 7.

<qrcode_voorbeeld.png, id=63, 200.75pt x 200.75pt>
File: qrcode_voorbeeld.png Graphic file (type png)
 <use qrcode_voorbeeld.png>
Package pdftex.def Info: qrcode_voorbeeld.png used on input line 14.
(pdftex.def)             Requested size: 140.52403pt x 140.52403pt.


Package natbib Warning: Citation `website:denso-qrcode' on page 2 undefined on 
input line 19.

[2



 <./qrcode_voorbeeld.png>]

Package natbib Warning: Citation `website:barcodescanner' on page 3 undefined o
n input line 40.


Package natbib Warning: Citation `website:diff-nfc-rfid' on page 3 undefined on
 input line 57.

) [3] [4]
\openout2 = `chapter3.aux'.

 (./chapter3.tex
Chapter 3.
) [5



]
\openout2 = `chapter4.aux'.

 (./chapter4.tex
Chapter 4.
Package epstopdf Info: Source file: <relay_switch.eps>
(epstopdf)                    date: 2013-09-13 11:50:17
(epstopdf)                    size: 84477 bytes
(epstopdf)             Output file: <relay_switch-eps-converted-to.pdf>
(epstopdf)                    date: 2013-09-13 11:53:06
(epstopdf)                    size: 17789 bytes
(epstopdf)             Command: <repstopdf --outfile=relay_switch-eps-converted
-to.pdf relay_switch.eps>
(epstopdf)             \includegraphics on input line 7.
Package epstopdf Info: Output file is already uptodate.
<relay_switch-eps-converted-to.pdf, id=81, 202.7575pt x 202.7575pt>
File: relay_switch-eps-converted-to.pdf Graphic file (type pdf)

<use relay_switch-eps-converted-to.pdf>
Package pdftex.def Info: relay_switch-eps-converted-to.pdf used on input line 7
.
(pdftex.def)             Requested size: 422.0pt x 422.01338pt.
) [6



] [7 <./relay_switch-eps-converted-to.pdf>]
\openout2 = `chapter5.aux'.

 (./chapter5.tex
Chapter 5.
) [8



]
\openout2 = `chapter6.aux'.

 (./chapter6.tex
Chapter 6.
) [9



]
No file document.bbl.

Package natbib Warning: There were undefined citations.

(./document.aux (./declaration.aux) (./summary.aux) (./abstract.aux)
(./nomenclature.aux) (./chapter1.aux) (./chapter2.aux) (./chapter3.aux)
(./chapter4.aux) (./chapter5.aux) (./chapter6.aux)) ) 
Here is how much of TeX's memory you used:
 3699 strings out of 495059
 49908 string characters out of 3182031
 114291 words of memory out of 3000000
 6697 multiletter control sequences out of 15000+200000
 28543 words of font info for 64 fonts, out of 3000000 for 9000
 14 hyphenation exceptions out of 8191
 42i,12n,28p,302b,310s stack positions out of 5000i,500n,10000p,200000b,50000s
 </home/jaycee/.texmf-var/
fonts/pk/ljfour/jknappen/ec/ecbx1440.600pk> </home/jaycee/.texmf-var/fonts/pk/l
jfour/jknappen/ec/ecbx1095.600pk> </home/jaycee/.texmf-var/fonts/pk/ljfour/jkna
ppen/ec/ecbx1728.600pk> </home/jaycee/.texmf-var/fonts/pk/ljfour/jknappen/ec/ec
rm0600.600pk> </home/jaycee/.texmf-var/fonts/pk/ljfour/jknappen/ec/ecsl1095.600
pk> </home/jaycee/.texmf-var/fonts/pk/ljfour/jknappen/ec/ecrm1095.600pk> </home
/jaycee/.texmf-var/fonts/pk/ljfour/jknappen/ec/ecsx1095.600pk> </home/jaycee/.t
exmf-var/fonts/pk/ljfour/jknappen/ec/ecss1200.600pk> </home/jaycee/.texmf-var/f
onts/pk/ljfour/jknappen/ec/ecsx1440.600pk> </home/jaycee/.texmf-var/fonts/pk/lj
four/jknappen/ec/ecbx1200.600pk> </home/jaycee/.texmf-var/fonts/pk/ljfour/jknap
pen/ec/ecbx2488.600pk> </home/jaycee/.texmf-var/fonts/pk/ljfour/jknappen/ec/ecr
m1200.600pk> </home/jaycee/.texmf-var/fonts/pk/ljfour/jknappen/ec/ecsl1440.600p
k> </home/jaycee/.texmf-var/fonts/pk/ljfour/jknappen/ec/ecrm1728.600pk> </home/
jaycee/.texmf-var/fonts/pk/ljfour/jknappen/ec/ecrm1440.600pk> </home/jaycee/.te
xmf-var/fonts/pk/ljfour/jknappen/ec/ecrm2074.600pk></usr/share/texlive/texmf-di
st/fonts/type1/public/amsfonts/cm/cmmi12.pfb></usr/share/texlive/texmf-dist/fon
ts/type1/public/amsfonts/cm/cmmi8.pfb></usr/share/texlive/texmf-dist/fonts/type
1/public/amsfonts/cm/cmmib10.pfb></usr/share/texlive/texmf-dist/fonts/type1/pub
lic/amsfonts/cm/cmr12.pfb></usr/share/texlive/texmf-dist/fonts/type1/public/ams
fonts/cm/cmr8.pfb></usr/share/texlive/texmf-dist/fonts/type1/public/amsfonts/cm
/cmsy10.pfb></usr/share/texlive/texmf-dist/fonts/type1/public/amsfonts/cm/cmti1
2.pfb>
Output written on document.pdf (18 pages, 233119 bytes).
PDF statistics:
 601 PDF objects out of 1000 (max. 8388607)
 138 compressed objects within 2 object streams
 0 named destinations out of 1000 (max. 500000)
 16 words of extra memory for PDF output out of 10000 (max. 10000000)

